2025-02-13T07:50:41+00:00 DEBUG tt4b_product_delete: missing access token for tt4b_product_sync
2025-02-13T07:50:41+00:00 DEBUG tt4b_product_delete: missing access token for tt4b_product_sync
2025-02-13T07:55:16+00:00 DEBUG POST: https://business-api.tiktok.com/tbp/v2.0/business_profile/disconnect?external_data=

{"business_platform":"WOO_COMMERCE","external_business_id":"tt4b_woocommerce_67a36382e2330"}
 ajax: no
2025-02-13T07:55:17+00:00 DEBUG Tt4b_Mapi_Class::tbp_post: Response: 

HTTP/1.1 200 OK
Content-Type: application/json; charset=utf-8
Content-Length: 95
X-Api-Deprecation-Info: API for Business Version 1.3 is now live. To avoid disruption to your business, we recommend you migrate all calls to v1.3 as soon as possible. Please visit our migration guide for more details: https://ads.tiktok.com/marketing_api/docs?id=1740029169927169
X-Domain-Change-Info: We have moved to the new domain business-api.tiktok.com for API services after the Platform Upgrade on 09/30/2021. Please update all of your requests with the new domain if you haven't done so already. For more information, please visit https://ads.tiktok.com/marketing_api/docs?rid=esb88xalm6m&id=1709207085043713
X-Tt-Logid: 20250213075516395E1819C3C92A231788
x-tt-trace-host: 01086b9ca38e5dd2daa64da37396afb61ceca6923524b5802f30a73cffe752c18a188ab68e7cfa248142e4bc759d742c3f012c9d3ab33d203474942686c2e41e742a7f5cb6f75d314dc6aa53c88b76ac7ee9675ea382266a7445b49a708867df6fd6aaec2f1e1946d5caa4326c497471ef
x-tt-trace-id: 00-250213075516395E1819C3C92A231788-51DB75E166EFE25A-00
Server: TLB
X-Origin-Response-Time: 9,23.45.206.197
X-Akamai-Request-ID: c40ec537.c9719fb
Expires: Thu, 13 Feb 2025 07:55:17 GMT
Cache-Control: max-age=0, no-cache, no-store
Pragma: no-cache
Date: Thu, 13 Feb 2025 07:55:17 GMT
X-Cache: TCP_MISS from a23-33-27-7.deploy.akamaitechnologies.com (AkamaiGHost/11.8.2-632bbea52cad62b88b8edeb1322023d2) (-)
Connection: close
X-Cache-Remote: TCP_MISS from a23-45-206-197.deploy.akamaitechnologies.com (AkamaiGHost/11.8.2-632bbea52cad62b88b8edeb1322023d2) (-)
x-tt-trace-tag: id=16;cdn-cache=miss;type=dyn
Server-Timing: cdn-cache; desc=MISS, edge; dur=164, origin; dur=9
Server-Timing: inner; dur=6
X-Parent-Response-Time: 171,23.33.27.7

{"code":40001,"message":"Permission denied.","request_id":"20250213075516395E1819C3C92A231788"}

2025-02-13T07:55:17+00:00 DEBUG POST: https://business-api.tiktok.com/tbp/v2.0/shop/connection/disconnect?external_data=

--- EMPTY STRING ---
 ajax: no
2025-02-13T07:55:17+00:00 DEBUG Tt4b_Mapi_Class::tts_shop_disconnect: Response: 

HTTP/1.1 200 OK
Content-Type: application/json; charset=utf-8
Content-Length: 95
X-Api-Deprecation-Info: API for Business Version 1.3 is now live. To avoid disruption to your business, we recommend you migrate all calls to v1.3 as soon as possible. Please visit our migration guide for more details: https://ads.tiktok.com/marketing_api/docs?id=1740029169927169
X-Domain-Change-Info: We have moved to the new domain business-api.tiktok.com for API services after the Platform Upgrade on 09/30/2021. Please update all of your requests with the new domain if you haven't done so already. For more information, please visit https://ads.tiktok.com/marketing_api/docs?rid=esb88xalm6m&id=1709207085043713
X-Tt-Logid: 202502130755161EE46AADED08C0221DA9
x-tt-trace-host: 01086b9ca38e5dd2daa64da37396afb61c1da54ebfacbdd2cedf911b912a6fc004dba99daceb84af00a72c8370df029d716977c2f208bd9c9400956eb9c7a43dd46a1deae150da3c60d97c3874a7524385e4fb5716ff9c41dea4ece2c9a42d0ba7cf2b312073656ed1a0ecc10560937724
x-tt-trace-id: 00-2502130755161EE46AADED08C0221DA9-4CBEBFA4373C9B42-00
Server: TLB
X-Origin-Response-Time: 12,23.202.33.125
X-Akamai-Request-ID: 7f4748d.e6a9530
Expires: Thu, 13 Feb 2025 07:55:17 GMT
Cache-Control: max-age=0, no-cache, no-store
Pragma: no-cache
Date: Thu, 13 Feb 2025 07:55:17 GMT
X-Cache: TCP_MISS from a23-33-27-44.deploy.akamaitechnologies.com (AkamaiGHost/11.8.2-632bbea52cad62b88b8edeb1322023d2) (-)
Connection: close
X-Cache-Remote: TCP_MISS from a23-202-33-125.deploy.akamaitechnologies.com (AkamaiGHost/11.8.2-632bbea52cad62b88b8edeb1322023d2) (-)
x-tt-trace-tag: id=16;cdn-cache=miss;type=dyn
Server-Timing: cdn-cache; desc=MISS, edge; dur=161, origin; dur=11
Server-Timing: inner; dur=7
X-Parent-Response-Time: 170,23.33.27.44

{"code":40001,"message":"Permission denied.","request_id":"202502130755161EE46AADED08C0221DA9"}

