2025-02-05T13:11:30+00:00 DEBUG POST: https://ads.tiktok.com/marketing_api/api/developer/app/create_auto_approve/

{"business_platform":"PROD","smb_id":"tt4b_woocommerce_67a36382e2330httpwp-laviedesplanteswp-admin","smb_name":"PROD","redirect_url":"http:\/\/wp-laviedesplantes\/wp-admin\/"}
 ajax: no
2025-02-05T13:11:32+00:00 DEBUG Tt4b_Mapi_Class::create_open_source_app: Response: 

HTTP/1.1 200 OK
Content-Type: application/json
Content-Length: 38
X-Tt-Logid: 2025020513113125F941CCEB42CE078EF2,2025020513113125F941CCEB42CE078EF2
Strict-Transport-Security: max-age=31536000; includeSubDomains
Server-Timing: inner; dur=28
x-tt-trace-host: 011036fcd7afae574c3122214fde17ba3895e9d96f4b823afcaa8c045b4f5a550314eb0241f20a0827412286984769f3ccc6046445ca7091fb04def48a4cc988d0ed18d40d8d3d7397b07a51efd4f622409f34ac6e4df438989e00bc0da770375f
x-tt-trace-id: 00-25020513113125F941CCEB42CE078EF2-31B83BB55AB5E068-00
Server: TLB
Date: Wed, 05 Feb 2025 13:11:32 GMT
X-Cache: TCP_MISS from a2-22-150-191.deploy.akamaitechnologies.com (AkamaiGHost/11.8.1-de3f14f61496290108a2a2f9b8fef027) (-)
Connection: close
x-tt-trace-tag: id=16;cdn-cache=miss;type=dyn
Server-Timing: cdn-cache; desc=MISS, edge; dur=3, origin; dur=941
X-Origin-Response-Time: 941,2.22.150.191
X-Akamai-Request-ID: bd1ec75

{"code":40000,"msg":"Parameter error"}

